<?xml version="1.0" encoding="UTF-8"?>
<TestRun id="7aab31a0-dd84-4be1-a1e9-08347e53254f" name="Mark@ANIMETRICSPC07 2011-10-05 17:06:37" runUser="ANIMETRICS\Mark" xmlns="http://microsoft.com/schemas/VisualStudio/TeamTest/2010">
  <TestSettings name="Local" id="554e7a4d-508c-4249-98c3-70412bb5f2e1">
    <Description>These are default test settings for a local test run.</Description>
    <Deployment enabled="false" runDeploymentRoot="Mark_ANIMETRICSPC07 2011-10-05 17_06_37" />
    <Execution>
      <TestTypeSpecific />
      <AgentRule name="Execution Agents">
      </AgentRule>
    </Execution>
  </TestSettings>
  <Times creation="2011-10-05T17:06:37.1304956-04:00" queuing="2011-10-05T17:06:39.1378970-04:00" start="2011-10-05T17:06:39.5029700-04:00" finish="2011-10-05T17:06:54.7890266-04:00" />
  <ResultSummary outcome="Completed">
    <Counters total="1" executed="1" passed="1" error="0" failed="0" timeout="0" aborted="0" inconclusive="0" passedButRunAborted="0" notRunnable="0" notExecuted="0" disconnected="0" warning="0" completed="0" inProgress="0" pending="0" />
  </ResultSummary>
  <TestDefinitions>
    <UnitTest name="ConvertTest" storage="c:\users\mark\binaryplists\binaryplist\testing\bin\debug\testing.dll" id="9c74aec0-1a80-e8b2-4f78-0d1651c893a2">
      <Execution id="1cf391bf-cff4-4854-b4cb-89265fe3b48c" />
      <TestMethod codeBase="C:/Users/mark/BinaryPlists/BinaryPlist/Testing/bin/Debug/Testing.DLL" adapterTypeName="Microsoft.VisualStudio.TestTools.TestTypes.Unit.UnitTestAdapter, Microsoft.VisualStudio.QualityTools.Tips.UnitTest.Adapter, Version=10.0.0.0, Culture=neutral, PublicKeyToken=b03f5f7f11d50a3a" className="Testing.plistTests, Testing, Version=1.0.0.0, Culture=neutral, PublicKeyToken=null" name="ConvertTest" />
    </UnitTest>
  </TestDefinitions>
  <TestLists>
    <TestList name="Results Not in a List" id="8c84fa94-04c1-424b-9868-57a2d4851a1d" />
    <TestList name="All Loaded Results" id="19431567-8539-422a-85d7-44ee4e166bda" />
  </TestLists>
  <TestEntries>
    <TestEntry testId="9c74aec0-1a80-e8b2-4f78-0d1651c893a2" executionId="1cf391bf-cff4-4854-b4cb-89265fe3b48c" testListId="8c84fa94-04c1-424b-9868-57a2d4851a1d" />
  </TestEntries>
  <Results>
    <UnitTestResult executionId="1cf391bf-cff4-4854-b4cb-89265fe3b48c" testId="9c74aec0-1a80-e8b2-4f78-0d1651c893a2" testName="ConvertTest" computerName="ANIMETRICSPC07" duration="00:00:13.5454427" startTime="2011-10-05T17:06:39.8110316-04:00" endTime="2011-10-05T17:06:54.5489786-04:00" testType="13cdc9d9-ddb5-4fa4-a97d-d965ccfc6d4b" outcome="Passed" testListId="8c84fa94-04c1-424b-9868-57a2d4851a1d" relativeResultsDirectory="1cf391bf-cff4-4854-b4cb-89265fe3b48c">
    </UnitTestResult>
  </Results>
</TestRun>