<?xml version="1.0" encoding="UTF-8"?>
<TestRun id="76dce8b0-c466-4b28-b7a7-67f620daca92" name="Mark@ANIMETRICSPC07 2011-10-05 16:42:45" runUser="ANIMETRICS\Mark" xmlns="http://microsoft.com/schemas/VisualStudio/TeamTest/2010">
  <TestSettings name="Local" id="554e7a4d-508c-4249-98c3-70412bb5f2e1">
    <Description>These are default test settings for a local test run.</Description>
    <Deployment enabled="false" runDeploymentRoot="Mark_ANIMETRICSPC07 2011-10-05 16_42_45" />
    <Execution>
      <TestTypeSpecific />
      <AgentRule name="Execution Agents">
      </AgentRule>
    </Execution>
  </TestSettings>
  <Times creation="2011-10-05T16:42:45.3134000-04:00" queuing="2011-10-05T16:42:47.2324000-04:00" start="2011-10-05T16:42:47.3584000-04:00" finish="2011-10-05T16:42:49.5584000-04:00" />
  <ResultSummary outcome="Completed">
    <Counters total="1" executed="1" passed="1" error="0" failed="0" timeout="0" aborted="0" inconclusive="0" passedButRunAborted="0" notRunnable="0" notExecuted="0" disconnected="0" warning="0" completed="0" inProgress="0" pending="0" />
  </ResultSummary>
  <TestDefinitions>
    <UnitTest name="ConvertTest" storage="c:\users\mark\binaryplists\binaryplist\testing\bin\debug\testing.dll" id="9c74aec0-1a80-e8b2-4f78-0d1651c893a2">
      <Execution id="53aeabe2-64df-4fa9-a0d7-6592daaa2ce8" />
      <TestMethod codeBase="C:/Users/mark/BinaryPlists/BinaryPlist/Testing/bin/Debug/Testing.DLL" adapterTypeName="Microsoft.VisualStudio.TestTools.TestTypes.Unit.UnitTestAdapter, Microsoft.VisualStudio.QualityTools.Tips.UnitTest.Adapter, Version=10.0.0.0, Culture=neutral, PublicKeyToken=b03f5f7f11d50a3a" className="Testing.plistTests, Testing, Version=1.0.0.0, Culture=neutral, PublicKeyToken=null" name="ConvertTest" />
    </UnitTest>
  </TestDefinitions>
  <TestLists>
    <TestList name="Results Not in a List" id="8c84fa94-04c1-424b-9868-57a2d4851a1d" />
    <TestList name="All Loaded Results" id="19431567-8539-422a-85d7-44ee4e166bda" />
  </TestLists>
  <TestEntries>
    <TestEntry testId="9c74aec0-1a80-e8b2-4f78-0d1651c893a2" executionId="53aeabe2-64df-4fa9-a0d7-6592daaa2ce8" testListId="8c84fa94-04c1-424b-9868-57a2d4851a1d" />
  </TestEntries>
  <Results>
    <UnitTestResult executionId="53aeabe2-64df-4fa9-a0d7-6592daaa2ce8" testId="9c74aec0-1a80-e8b2-4f78-0d1651c893a2" testName="ConvertTest" computerName="ANIMETRICSPC07" duration="00:00:00.3942324" startTime="2011-10-05T16:42:47.5804000-04:00" endTime="2011-10-05T16:42:49.1884000-04:00" testType="13cdc9d9-ddb5-4fa4-a97d-d965ccfc6d4b" outcome="Passed" testListId="8c84fa94-04c1-424b-9868-57a2d4851a1d" relativeResultsDirectory="53aeabe2-64df-4fa9-a0d7-6592daaa2ce8">
    </UnitTestResult>
  </Results>
</TestRun>