<?xml version="1.0" encoding="UTF-8"?>
<TestRun id="0740870f-8dec-47fc-b6ea-744734b207df" name="Mark@ANIMETRICSPC07 2011-10-05 16:39:35" runUser="ANIMETRICS\Mark" xmlns="http://microsoft.com/schemas/VisualStudio/TeamTest/2010">
  <TestSettings name="Local" id="554e7a4d-508c-4249-98c3-70412bb5f2e1">
    <Description>These are default test settings for a local test run.</Description>
    <Deployment enabled="false" runDeploymentRoot="Mark_ANIMETRICSPC07 2011-10-05 16_39_35" />
    <Execution>
      <TestTypeSpecific />
      <AgentRule name="Execution Agents">
      </AgentRule>
    </Execution>
  </TestSettings>
  <Times creation="2011-10-05T16:39:35.8964000-04:00" queuing="2011-10-05T16:39:37.8094000-04:00" start="2011-10-05T16:39:38.1754000-04:00" finish="2011-10-05T16:40:32.3514000-04:00" />
  <ResultSummary outcome="Error">
    <Counters total="1" executed="1" error="0" failed="0" timeout="0" aborted="1" inconclusive="0" passedButRunAborted="0" notRunnable="0" notExecuted="0" disconnected="0" warning="0" passed="0" completed="0" inProgress="0" pending="0" />
    <RunInfos>
      <RunInfo computerName="ANIMETRICSPC07" outcome="Error" timestamp="2011-10-05T16:40:32.3444000-04:00">
        <Text>Test host process exited unexpectedly.</Text>
      </RunInfo>
    </RunInfos>
  </ResultSummary>
  <TestDefinitions>
    <UnitTest name="ConvertTest" storage="c:\users\mark\binaryplists\binaryplist\testing\bin\debug\testing.dll" id="9c74aec0-1a80-e8b2-4f78-0d1651c893a2">
      <Execution id="7be47983-34aa-47c9-868a-f497c57a40ac" />
      <TestMethod codeBase="C:/Users/mark/BinaryPlists/BinaryPlist/Testing/bin/Debug/Testing.DLL" adapterTypeName="Microsoft.VisualStudio.TestTools.TestTypes.Unit.UnitTestAdapter, Microsoft.VisualStudio.QualityTools.Tips.UnitTest.Adapter, Version=10.0.0.0, Culture=neutral, PublicKeyToken=b03f5f7f11d50a3a" className="Testing.plistTests, Testing, Version=1.0.0.0, Culture=neutral, PublicKeyToken=null" name="ConvertTest" />
    </UnitTest>
  </TestDefinitions>
  <TestLists>
    <TestList name="Results Not in a List" id="8c84fa94-04c1-424b-9868-57a2d4851a1d" />
    <TestList name="All Loaded Results" id="19431567-8539-422a-85d7-44ee4e166bda" />
  </TestLists>
  <TestEntries>
    <TestEntry testId="9c74aec0-1a80-e8b2-4f78-0d1651c893a2" executionId="7be47983-34aa-47c9-868a-f497c57a40ac" testListId="8c84fa94-04c1-424b-9868-57a2d4851a1d" />
  </TestEntries>
  <Results>
    <UnitTestResult executionId="7be47983-34aa-47c9-868a-f497c57a40ac" testId="9c74aec0-1a80-e8b2-4f78-0d1651c893a2" testName="ConvertTest" computerName="ANIMETRICSPC07" duration="00:00:53.8300000" startTime="2011-10-05T16:39:38.5204000-04:00" endTime="2011-10-05T16:40:32.3504000-04:00" testType="13cdc9d9-ddb5-4fa4-a97d-d965ccfc6d4b" outcome="Aborted" testListId="8c84fa94-04c1-424b-9868-57a2d4851a1d" relativeResultsDirectory="7be47983-34aa-47c9-868a-f497c57a40ac">
    </UnitTestResult>
  </Results>
</TestRun>