<?xml version="1.0" encoding="UTF-8"?>
<TestRun id="cce2db90-ce46-4fce-a36b-4c55b72b4b82" name="Mark@ANIMETRICSPC07 2011-10-28 16:42:33" runUser="ANIMETRICS\Mark" xmlns="http://microsoft.com/schemas/VisualStudio/TeamTest/2010">
  <TestSettings name="Local" id="a7d51227-d16f-41c2-bc4f-cf9684c810c7">
    <Description>These are default test settings for a local test run.</Description>
    <Deployment runDeploymentRoot="Mark_ANIMETRICSPC07 2011-10-28 16_42_33">
      <DeploymentItem filename="TestDocuments\" />
    </Deployment>
    <Execution>
      <TestTypeSpecific>
        <UnitTestRunConfig testTypeId="13cdc9d9-ddb5-4fa4-a97d-d965ccfc6d4b">
          <AssemblyResolution>
            <TestDirectory useLoadContext="true" />
          </AssemblyResolution>
        </UnitTestRunConfig>
      </TestTypeSpecific>
      <AgentRule name="Execution Agents">
      </AgentRule>
    </Execution>
  </TestSettings>
  <Times creation="2011-10-28T16:42:33.4911193-04:00" queuing="2011-10-28T16:42:41.3189020-04:00" start="2011-10-28T16:42:41.7029404-04:00" finish="2011-10-28T16:42:45.2452946-04:00" />
  <ResultSummary outcome="Completed">
    <Counters total="5" executed="5" passed="5" error="0" failed="0" timeout="0" aborted="0" inconclusive="0" passedButRunAborted="0" notRunnable="0" notExecuted="0" disconnected="0" warning="0" completed="0" inProgress="0" pending="0" />
  </ResultSummary>
  <TestDefinitions>
    <UnitTest name="WriteXml" storage="c:\users\mark\binaryplists\plistcs\plistcs\bin\debug\plistcs.dll" id="20ba49e5-bd2e-d998-0e25-abc54b03ea3e">
      <Execution id="c67f3233-b5f0-4bdc-8e81-c118635dd789" />
      <TestMethod codeBase="C:/Users/mark/BinaryPlists/PlistCS/PlistCS/bin/Debug/PlistCS.DLL" adapterTypeName="Microsoft.VisualStudio.TestTools.TestTypes.Unit.UnitTestAdapter, Microsoft.VisualStudio.QualityTools.Tips.UnitTest.Adapter, Version=10.0.0.0, Culture=neutral, PublicKeyToken=b03f5f7f11d50a3a" className="Testing.plistTests, PlistCS, Version=1.0.0.0, Culture=neutral, PublicKeyToken=null" name="WriteXml" />
    </UnitTest>
    <UnitTest name="ReadBinary" storage="c:\users\mark\binaryplists\plistcs\plistcs\bin\debug\plistcs.dll" id="e13d0195-e8af-a1d7-2a65-2f322e342ad4">
      <Execution id="9c10aa59-11e9-453c-b886-35445c2cb3bd" />
      <TestMethod codeBase="C:/Users/mark/BinaryPlists/PlistCS/PlistCS/bin/Debug/PlistCS.DLL" adapterTypeName="Microsoft.VisualStudio.TestTools.TestTypes.Unit.UnitTestAdapter, Microsoft.VisualStudio.QualityTools.Tips.UnitTest.Adapter, Version=10.0.0.0, Culture=neutral, PublicKeyToken=b03f5f7f11d50a3a" className="Testing.plistTests, PlistCS, Version=1.0.0.0, Culture=neutral, PublicKeyToken=null" name="ReadBinary" />
    </UnitTest>
    <UnitTest name="WriteBinary" storage="c:\users\mark\binaryplists\plistcs\plistcs\bin\debug\plistcs.dll" id="1890a3d6-991e-d0b7-e84d-ad14e7ec06ca">
      <Execution id="06843368-4aad-4cb1-8e93-84afbe719cbe" />
      <TestMethod codeBase="C:/Users/mark/BinaryPlists/PlistCS/PlistCS/bin/Debug/PlistCS.DLL" adapterTypeName="Microsoft.VisualStudio.TestTools.TestTypes.Unit.UnitTestAdapter, Microsoft.VisualStudio.QualityTools.Tips.UnitTest.Adapter, Version=10.0.0.0, Culture=neutral, PublicKeyToken=b03f5f7f11d50a3a" className="Testing.plistTests, PlistCS, Version=1.0.0.0, Culture=neutral, PublicKeyToken=null" name="WriteBinary" />
    </UnitTest>
    <UnitTest name="ReadWriteBinaryByteArray" storage="c:\users\mark\binaryplists\plistcs\plistcs\bin\debug\plistcs.dll" id="704d2384-63e4-24bd-d143-8a78eb88f9eb">
      <Execution id="60086f43-23c0-4b6a-b7cb-65778aaa9983" />
      <TestMethod codeBase="C:/Users/mark/BinaryPlists/PlistCS/PlistCS/bin/Debug/PlistCS.DLL" adapterTypeName="Microsoft.VisualStudio.TestTools.TestTypes.Unit.UnitTestAdapter, Microsoft.VisualStudio.QualityTools.Tips.UnitTest.Adapter, Version=10.0.0.0, Culture=neutral, PublicKeyToken=b03f5f7f11d50a3a" className="Testing.plistTests, PlistCS, Version=1.0.0.0, Culture=neutral, PublicKeyToken=null" name="ReadWriteBinaryByteArray" />
    </UnitTest>
    <UnitTest name="ReadXml" storage="c:\users\mark\binaryplists\plistcs\plistcs\bin\debug\plistcs.dll" id="5652a79b-d1dd-cd2e-3818-c81c73fad10a">
      <Execution id="61043557-65ad-4bdc-8f2f-0e7f645eb108" />
      <TestMethod codeBase="C:/Users/mark/BinaryPlists/PlistCS/PlistCS/bin/Debug/PlistCS.DLL" adapterTypeName="Microsoft.VisualStudio.TestTools.TestTypes.Unit.UnitTestAdapter, Microsoft.VisualStudio.QualityTools.Tips.UnitTest.Adapter, Version=10.0.0.0, Culture=neutral, PublicKeyToken=b03f5f7f11d50a3a" className="Testing.plistTests, PlistCS, Version=1.0.0.0, Culture=neutral, PublicKeyToken=null" name="ReadXml" />
    </UnitTest>
  </TestDefinitions>
  <TestLists>
    <TestList name="Results Not in a List" id="8c84fa94-04c1-424b-9868-57a2d4851a1d" />
    <TestList name="All Loaded Results" id="19431567-8539-422a-85d7-44ee4e166bda" />
  </TestLists>
  <TestEntries>
    <TestEntry testId="e13d0195-e8af-a1d7-2a65-2f322e342ad4" executionId="9c10aa59-11e9-453c-b886-35445c2cb3bd" testListId="8c84fa94-04c1-424b-9868-57a2d4851a1d" />
    <TestEntry testId="5652a79b-d1dd-cd2e-3818-c81c73fad10a" executionId="61043557-65ad-4bdc-8f2f-0e7f645eb108" testListId="8c84fa94-04c1-424b-9868-57a2d4851a1d" />
    <TestEntry testId="1890a3d6-991e-d0b7-e84d-ad14e7ec06ca" executionId="06843368-4aad-4cb1-8e93-84afbe719cbe" testListId="8c84fa94-04c1-424b-9868-57a2d4851a1d" />
    <TestEntry testId="20ba49e5-bd2e-d998-0e25-abc54b03ea3e" executionId="c67f3233-b5f0-4bdc-8e81-c118635dd789" testListId="8c84fa94-04c1-424b-9868-57a2d4851a1d" />
    <TestEntry testId="704d2384-63e4-24bd-d143-8a78eb88f9eb" executionId="60086f43-23c0-4b6a-b7cb-65778aaa9983" testListId="8c84fa94-04c1-424b-9868-57a2d4851a1d" />
  </TestEntries>
  <Results>
    <UnitTestResult executionId="9c10aa59-11e9-453c-b886-35445c2cb3bd" testId="e13d0195-e8af-a1d7-2a65-2f322e342ad4" testName="ReadBinary" computerName="ANIMETRICSPC07" duration="00:00:00.1654320" startTime="2011-10-28T16:42:41.8849586-04:00" endTime="2011-10-28T16:42:44.1811882-04:00" testType="13cdc9d9-ddb5-4fa4-a97d-d965ccfc6d4b" outcome="Passed" testListId="8c84fa94-04c1-424b-9868-57a2d4851a1d" relativeResultsDirectory="9c10aa59-11e9-453c-b886-35445c2cb3bd">
    </UnitTestResult>
    <UnitTestResult executionId="61043557-65ad-4bdc-8f2f-0e7f645eb108" testId="5652a79b-d1dd-cd2e-3818-c81c73fad10a" testName="ReadXml" computerName="ANIMETRICSPC07" duration="00:00:00.0782332" startTime="2011-10-28T16:42:44.2331934-04:00" endTime="2011-10-28T16:42:44.3312032-04:00" testType="13cdc9d9-ddb5-4fa4-a97d-d965ccfc6d4b" outcome="Passed" testListId="8c84fa94-04c1-424b-9868-57a2d4851a1d" relativeResultsDirectory="61043557-65ad-4bdc-8f2f-0e7f645eb108">
    </UnitTestResult>
    <UnitTestResult executionId="06843368-4aad-4cb1-8e93-84afbe719cbe" testId="1890a3d6-991e-d0b7-e84d-ad14e7ec06ca" testName="WriteBinary" computerName="ANIMETRICSPC07" duration="00:00:00.2270885" startTime="2011-10-28T16:42:44.4542155-04:00" endTime="2011-10-28T16:42:44.7162417-04:00" testType="13cdc9d9-ddb5-4fa4-a97d-d965ccfc6d4b" outcome="Passed" testListId="8c84fa94-04c1-424b-9868-57a2d4851a1d" relativeResultsDirectory="06843368-4aad-4cb1-8e93-84afbe719cbe">
    </UnitTestResult>
    <UnitTestResult executionId="c67f3233-b5f0-4bdc-8e81-c118635dd789" testId="20ba49e5-bd2e-d998-0e25-abc54b03ea3e" testName="WriteXml" computerName="ANIMETRICSPC07" duration="00:00:00.1038320" startTime="2011-10-28T16:42:44.7492450-04:00" endTime="2011-10-28T16:42:44.8682569-04:00" testType="13cdc9d9-ddb5-4fa4-a97d-d965ccfc6d4b" outcome="Passed" testListId="8c84fa94-04c1-424b-9868-57a2d4851a1d" relativeResultsDirectory="c67f3233-b5f0-4bdc-8e81-c118635dd789">
    </UnitTestResult>
    <UnitTestResult executionId="60086f43-23c0-4b6a-b7cb-65778aaa9983" testId="704d2384-63e4-24bd-d143-8a78eb88f9eb" testName="ReadWriteBinaryByteArray" computerName="ANIMETRICSPC07" duration="00:00:00.0112939" startTime="2011-10-28T16:42:44.8942595-04:00" endTime="2011-10-28T16:42:44.9232624-04:00" testType="13cdc9d9-ddb5-4fa4-a97d-d965ccfc6d4b" outcome="Passed" testListId="8c84fa94-04c1-424b-9868-57a2d4851a1d" relativeResultsDirectory="60086f43-23c0-4b6a-b7cb-65778aaa9983">
    </UnitTestResult>
  </Results>
</TestRun>